#
# There is insufficient memory for the Java Runtime Environment to continue.
# Native memory allocation (malloc) failed to allocate 974016 bytes for Chunk::new
# Possible reasons:
#   The system is out of physical RAM or swap space
#   The process is running with CompressedOops enabled, and the Java Heap may be blocking the growth of the native heap
# Possible solutions:
#   Reduce memory load on the system
#   Increase physical memory or swap space
#   Check if swap backing store is full
#   Decrease Java heap size (-Xmx/-Xms)
#   Decrease number of Java threads
#   Decrease Java thread stack sizes (-Xss)
#   Set larger code cache with -XX:ReservedCodeCacheSize=
#   JVM is running with Unscaled Compressed Oops mode in which the Java heap is
#     placed in the first 4GB address space. The Java Heap base address is the
#     maximum limit for the native heap growth. Please use -XX:HeapBaseMinAddress
#     to set the Java Heap base and to place the Java Heap above 4GB virtual address.
# This output file may be truncated or incomplete.
#
#  Out of Memory Error (allocation.cpp:389), pid=6048, tid=0x0000000000002640
#
# JRE version: OpenJDK Runtime Environment (8.0_202-b03) (build 1.8.0_202-release-1483-b03)
# Java VM: OpenJDK 64-Bit Server VM (25.202-b03 mixed mode windows-amd64 compressed oops)
# Failed to write core dump. Minidumps are not enabled by default on client versions of Windows
#

---------------  T H R E A D  ---------------

Current thread (0x0000000016a3c800):  JavaThread "C2 CompilerThread1" daemon [_thread_in_native, id=9792, stack(0x0000000018190000,0x0000000018290000)]

Stack: [0x0000000018190000,0x0000000018290000]
[error occurred during error reporting (printing stack bounds), id 0xc0000005]

Native frames: (J=compiled Java code, j=interpreted, Vv=VM code, C=native code)


Current CompileTask:
C2:   9480 3992       4       com.sun.beans.TypeResolver::resolve (37 bytes)


---------------  P R O C E S S  ---------------

Java Threads: ( => current thread )
  0x000000001d2e5800 JavaThread "Cache worker for Build Output Cleanup Cache (C:\Users\kommi\Downloads\E Canteen\ECanteen\.gradle\buildOutputCleanup)" [_thread_blocked, id=7604, stack(0x00000000228f0000,0x00000000229f0000)]
  0x000000001d2e4800 JavaThread "Build operations Thread 4" [_thread_blocked, id=2008, stack(0x00000000221f0000,0x00000000222f0000)]
  0x000000001d2e3000 JavaThread "Build operations Thread 3" [_thread_blocked, id=12352, stack(0x00000000220f0000,0x00000000221f0000)]
  0x000000001d2e6000 JavaThread "Build operations Thread 2" [_thread_blocked, id=8136, stack(0x0000000021ff0000,0x00000000220f0000)]
  0x000000001d2e2800 JavaThread "Build operations" [_thread_blocked, id=2588, stack(0x0000000020bd0000,0x0000000020cd0000)]
  0x000000001d2e1800 JavaThread "Cache worker for execution history cache (C:\Users\kommi\.gradle\caches\5.4.1\executionHistory)" [_thread_blocked, id=13048, stack(0x0000000020d20000,0x0000000020e20000)]
  0x000000001d2e1000 JavaThread "Cache worker for cache directory md-rule (C:\Users\kommi\.gradle\caches\5.4.1\md-rule)" [_thread_blocked, id=10872, stack(0x000000001f220000,0x000000001f320000)]
  0x000000001d2e0000 JavaThread "Cache worker for cache directory md-supplier (C:\Users\kommi\.gradle\caches\5.4.1\md-supplier)" [_thread_blocked, id=7972, stack(0x000000001ed50000,0x000000001ee50000)]
  0x0000000018f24800 JavaThread "Cache worker for file hash cache (C:\Users\kommi\Downloads\E Canteen\ECanteen\.gradle\5.4.1\fileHashes)" [_thread_blocked, id=8620, stack(0x000000001ef20000,0x000000001f020000)]
  0x0000000018f27000 JavaThread "Cache worker for journal cache (C:\Users\kommi\.gradle\caches\journal-1)" [_thread_blocked, id=4336, stack(0x000000001b7e0000,0x000000001b8e0000)]
  0x0000000018f25800 JavaThread "File lock request listener" [_thread_in_native, id=10144, stack(0x000000001b4e0000,0x000000001b5e0000)]
  0x000000001950d800 JavaThread "Cache worker for file hash cache (C:\Users\kommi\.gradle\caches\5.4.1\fileHashes)" [_thread_blocked, id=12124, stack(0x000000001b3e0000,0x000000001b4e0000)]
  0x0000000019ebc000 JavaThread "Thread-9" [_thread_blocked, id=14004, stack(0x000000001b2e0000,0x000000001b3e0000)]
  0x0000000019a56000 JavaThread "Stdin handler" [_thread_blocked, id=12348, stack(0x000000001b1e0000,0x000000001b2e0000)]
  0x0000000019a55000 JavaThread "Asynchronous log dispatcher for DefaultDaemonConnection: socket connection from /127.0.0.1:50203 to /127.0.0.1:50204" [_thread_blocked, id=13932, stack(0x000000001b0e0000,0x000000001b1e0000)]
  0x0000000018639000 JavaThread "Daemon worker" [_thread_in_native, id=13984, stack(0x000000001afe0000,0x000000001b0e0000)]
  0x00000000189bf000 JavaThread "Cancel handler" [_thread_blocked, id=2948, stack(0x000000001aee0000,0x000000001afe0000)]
  0x0000000019d05000 JavaThread "Handler for socket connection from /127.0.0.1:50203 to /127.0.0.1:50204" [_thread_in_native, id=8360, stack(0x000000001abe0000,0x000000001ace0000)]
  0x0000000019d02800 JavaThread "Daemon" [_thread_blocked, id=416, stack(0x000000001aae0000,0x000000001abe0000)]
  0x000000001864f800 JavaThread "Daemon periodic checks" [_thread_blocked, id=11304, stack(0x000000001a9e0000,0x000000001aae0000)]
  0x0000000018bb8800 JavaThread "Incoming local TCP Connector on port 50203" [_thread_in_native, id=1552, stack(0x000000001a7a0000,0x000000001a8a0000)]
  0x0000000019ef0800 JavaThread "Daemon health stats" [_thread_blocked, id=12200, stack(0x000000001a160000,0x000000001a260000)]
  0x00000000183b8800 JavaThread "Service Thread" daemon [_thread_blocked, id=13936, stack(0x0000000018790000,0x0000000018890000)]
  0x0000000016a40000 JavaThread "C1 CompilerThread2" daemon [_thread_blocked, id=380, stack(0x0000000018290000,0x0000000018390000)]
=>0x0000000016a3c800 JavaThread "C2 CompilerThread1" daemon [_thread_in_native, id=9792, stack(0x0000000018190000,0x0000000018290000)]
  0x0000000016a48000 JavaThread "C2 CompilerThread0" daemon [_thread_in_native, id=7096, stack(0x0000000018090000,0x0000000018190000)]
  0x0000000016a47000 JavaThread "Attach Listener" daemon [_thread_blocked, id=12964, stack(0x0000000017f90000,0x0000000018090000)]
  0x0000000016a46000 JavaThread "Signal Dispatcher" daemon [_thread_blocked, id=14036, stack(0x0000000017e90000,0x0000000017f90000)]
  0x0000000002fac800 JavaThread "Finalizer" daemon [_thread_blocked, id=10420, stack(0x0000000017c90000,0x0000000017d90000)]
  0x0000000016a29000 JavaThread "Reference Handler" daemon [_thread_blocked, id=1488, stack(0x0000000017b90000,0x0000000017c90000)]
  0x00000000031ce000 JavaThread "main" [_thread_blocked, id=12236, stack(0x00000000015a0000,0x00000000016a0000)]

Other Threads:
  0x0000000016a06800 VMThread [stack: 0x0000000017a90000,0x0000000017b90000] [id=14032]
  0x0000000016a9e000 WatcherThread [stack: 0x0000000018890000,0x0000000018990000] [id=4152]

VM state:not at safepoint (normal execution)

VM Mutex/Monitor currently owned by a thread: None

heap address: 0x00000000a0000000, size: 1536 MB, Compressed Oops mode: 32-bit
Narrow klass base: 0x0000000000000000, Narrow klass shift: 3
Compressed class space size: 1073741824 Address: 0x0000000100000000

Heap:
 PSYoungGen      total 123904K, used 19369K [0x00000000e0000000, 0x00000000e8480000, 0x0000000100000000)
  eden space 113152K, 7% used [0x00000000e0000000,0x00000000e08713d8,0x00000000e6e80000)
  from space 10752K, 99% used [0x00000000e7900000,0x00000000e8379278,0x00000000e8380000)
  to   space 10752K, 0% used [0x00000000e6e80000,0x00000000e6e80000,0x00000000e7900000)
 ParOldGen       total 55808K, used 21011K [0x00000000a0000000, 0x00000000a3680000, 0x00000000e0000000)
  object space 55808K, 37% used [0x00000000a0000000,0x00000000a1484c90,0x00000000a3680000)
 Metaspace       used 45823K, capacity 46810K, committed 47016K, reserved 1089536K
  class space    used 6184K, capacity 6460K, committed 6568K, reserved 1048576K

Card table byte_map: [0x0000000012590000,0x00000000128a0000] byte_map_base: 0x0000000012090000

Marking Bits: (ParMarkBitMap*) 0x0000000067699f30
 Begin Bits: [0x0000000012da0000, 0x00000000145a0000)
 End Bits:   [0x00000000145a0000, 0x0000000015da0000)

Polling page: 0x0000000001150000

CodeCache: size=245760Kb used=12715Kb max_used=12925Kb free=233044Kb
 bounds [0x00000000031d0000, 0x0000000003e90000, 0x00000000121d0000]
 total_blobs=4472 nmethods=3715 adapters=670
 compilation: enabled

Compilation events (10 events):
Event: 9.456 Thread 0x0000000016a40000 4028 %     3       org.gradle.internal.instantiation.AbstractClassGenerator::inspectType @ 517 (559 bytes)
Event: 9.459 Thread 0x0000000016a40000 nmethod 4028% 0x0000000003e780d0 code [0x0000000003e78760, 0x0000000003e7c7a8]
Event: 9.459 Thread 0x0000000016a40000 4029       3       org.objectweb.asm.AnnotationWriter::visit (959 bytes)
Event: 9.461 Thread 0x0000000016a40000 nmethod 4029 0x0000000003e7eb10 code [0x0000000003e7f180, 0x0000000003e843b8]
Event: 9.461 Thread 0x0000000016a40000 4030       3       jdk.internal.org.objectweb.asm.MethodWriter::<init> (268 bytes)
Event: 9.462 Thread 0x0000000016a40000 nmethod 4030 0x0000000003e73c90 code [0x0000000003e73ec0, 0x0000000003e74b68]
Event: 9.462 Thread 0x0000000016a40000 4032       3       jdk.internal.org.objectweb.asm.MethodWriter::put (1599 bytes)
Event: 9.466 Thread 0x0000000016a40000 nmethod 4032 0x0000000003e86410 code [0x0000000003e86cc0, 0x0000000003e8a7b8]
Event: 9.466 Thread 0x0000000016a40000 4031       3       jdk.internal.org.objectweb.asm.MethodWriter::getSize (838 bytes)
Event: 9.468 Thread 0x0000000016a40000 nmethod 4031 0x000000000344e850 code [0x000000000344ecc0, 0x00000000034510a8]

GC Heap History (10 events):
Event: 4.590 GC heap before
{Heap before GC invocations=8 (full 1):
 PSYoungGen      total 76288K, used 66560K [0x00000000e0000000, 0x00000000e5500000, 0x0000000100000000)
  eden space 66560K, 100% used [0x00000000e0000000,0x00000000e4100000,0x00000000e4100000)
  from space 9728K, 0% used [0x00000000e4b80000,0x00000000e4b80000,0x00000000e5500000)
  to   space 10240K, 0% used [0x00000000e4100000,0x00000000e4100000,0x00000000e4b00000)
 ParOldGen       total 55808K, used 8323K [0x00000000a0000000, 0x00000000a3680000, 0x00000000e0000000)
  object space 55808K, 14% used [0x00000000a0000000,0x00000000a0820df0,0x00000000a3680000)
 Metaspace       used 29048K, capacity 29548K, committed 29824K, reserved 1075200K
  class space    used 3926K, capacity 4098K, committed 4224K, reserved 1048576K
Event: 4.599 GC heap after
Heap after GC invocations=8 (full 1):
 PSYoungGen      total 76800K, used 8162K [0x00000000e0000000, 0x00000000e8380000, 0x0000000100000000)
  eden space 66560K, 0% used [0x00000000e0000000,0x00000000e0000000,0x00000000e4100000)
  from space 10240K, 79% used [0x00000000e4100000,0x00000000e48f8880,0x00000000e4b00000)
  to   space 10752K, 0% used [0x00000000e7900000,0x00000000e7900000,0x00000000e8380000)
 ParOldGen       total 55808K, used 8331K [0x00000000a0000000, 0x00000000a3680000, 0x00000000e0000000)
  object space 55808K, 14% used [0x00000000a0000000,0x00000000a0822df0,0x00000000a3680000)
 Metaspace       used 29048K, capacity 29548K, committed 29824K, reserved 1075200K
  class space    used 3926K, capacity 4098K, committed 4224K, reserved 1048576K
}
Event: 5.094 GC heap before
{Heap before GC invocations=9 (full 1):
 PSYoungGen      total 76800K, used 74722K [0x00000000e0000000, 0x00000000e8380000, 0x0000000100000000)
  eden space 66560K, 100% used [0x00000000e0000000,0x00000000e4100000,0x00000000e4100000)
  from space 10240K, 79% used [0x00000000e4100000,0x00000000e48f8880,0x00000000e4b00000)
  to   space 10752K, 0% used [0x00000000e7900000,0x00000000e7900000,0x00000000e8380000)
 ParOldGen       total 55808K, used 8331K [0x00000000a0000000, 0x00000000a3680000, 0x00000000e0000000)
  object space 55808K, 14% used [0x00000000a0000000,0x00000000a0822df0,0x00000000a3680000)
 Metaspace       used 32380K, capacity 32874K, committed 33152K, reserved 1077248K
  class space    used 4463K, capacity 4652K, committed 4736K, reserved 1048576K
Event: 5.107 GC heap after
Heap after GC invocations=9 (full 1):
 PSYoungGen      total 123904K, used 8636K [0x00000000e0000000, 0x00000000e8480000, 0x0000000100000000)
  eden space 113152K, 0% used [0x00000000e0000000,0x00000000e0000000,0x00000000e6e80000)
  from space 10752K, 80% used [0x00000000e7900000,0x00000000e816f0c0,0x00000000e8380000)
  to   space 10752K, 0% used [0x00000000e6e80000,0x00000000e6e80000,0x00000000e7900000)
 ParOldGen       total 55808K, used 8339K [0x00000000a0000000, 0x00000000a3680000, 0x00000000e0000000)
  object space 55808K, 14% used [0x00000000a0000000,0x00000000a0824df0,0x00000000a3680000)
 Metaspace       used 32380K, capacity 32874K, committed 33152K, reserved 1077248K
  class space    used 4463K, capacity 4652K, committed 4736K, reserved 1048576K
}
Event: 6.175 GC heap before
{Heap before GC invocations=10 (full 1):
 PSYoungGen      total 123904K, used 57149K [0x00000000e0000000, 0x00000000e8480000, 0x0000000100000000)
  eden space 113152K, 42% used [0x00000000e0000000,0x00000000e2f606d0,0x00000000e6e80000)
  from space 10752K, 80% used [0x00000000e7900000,0x00000000e816f0c0,0x00000000e8380000)
  to   space 10752K, 0% used [0x00000000e6e80000,0x00000000e6e80000,0x00000000e7900000)
 ParOldGen       total 55808K, used 8339K [0x00000000a0000000, 0x00000000a3680000, 0x00000000e0000000)
  object space 55808K, 14% used [0x00000000a0000000,0x00000000a0824df0,0x00000000a3680000)
 Metaspace       used 34749K, capacity 35412K, committed 35496K, reserved 1079296K
  class space    used 4779K, capacity 4993K, committed 5032K, reserved 1048576K
Event: 6.192 GC heap after
Heap after GC invocations=10 (full 1):
 PSYoungGen      total 123904K, used 9824K [0x00000000e0000000, 0x00000000e8480000, 0x0000000100000000)
  eden space 113152K, 0% used [0x00000000e0000000,0x00000000e0000000,0x00000000e6e80000)
  from space 10752K, 91% used [0x00000000e6e80000,0x00000000e7818178,0x00000000e7900000)
  to   space 10752K, 0% used [0x00000000e7900000,0x00000000e7900000,0x00000000e8380000)
 ParOldGen       total 55808K, used 8347K [0x00000000a0000000, 0x00000000a3680000, 0x00000000e0000000)
  object space 55808K, 14% used [0x00000000a0000000,0x00000000a0826df0,0x00000000a3680000)
 Metaspace       used 34749K, capacity 35412K, committed 35496K, reserved 1079296K
  class space    used 4779K, capacity 4993K, committed 5032K, reserved 1048576K
}
Event: 6.192 GC heap before
{Heap before GC invocations=11 (full 2):
 PSYoungGen      total 123904K, used 9824K [0x00000000e0000000, 0x00000000e8480000, 0x0000000100000000)
  eden space 113152K, 0% used [0x00000000e0000000,0x00000000e0000000,0x00000000e6e80000)
  from space 10752K, 91% used [0x00000000e6e80000,0x00000000e7818178,0x00000000e7900000)
  to   space 10752K, 0% used [0x00000000e7900000,0x00000000e7900000,0x00000000e8380000)
 ParOldGen       total 55808K, used 8347K [0x00000000a0000000, 0x00000000a3680000, 0x00000000e0000000)
  object space 55808K, 14% used [0x00000000a0000000,0x00000000a0826df0,0x00000000a3680000)
 Metaspace       used 34749K, capacity 35412K, committed 35496K, reserved 1079296K
  class space    used 4779K, capacity 4993K, committed 5032K, reserved 1048576K
Event: 6.275 GC heap after
Heap after GC invocations=11 (full 2):
 PSYoungGen      total 123904K, used 0K [0x00000000e0000000, 0x00000000e8480000, 0x0000000100000000)
  eden space 113152K, 0% used [0x00000000e0000000,0x00000000e0000000,0x00000000e6e80000)
  from space 10752K, 0% used [0x00000000e6e80000,0x00000000e6e80000,0x00000000e7900000)
  to   space 10752K, 0% used [0x00000000e7900000,0x00000000e7900000,0x00000000e8380000)
 ParOldGen       total 55808K, used 16678K [0x00000000a0000000, 0x00000000a3680000, 0x00000000e0000000)
  object space 55808K, 29% used [0x00000000a0000000,0x00000000a1049a98,0x00000000a3680000)
 Metaspace       used 34744K, capacity 35394K, committed 35496K, reserved 1079296K
  class space    used 4778K, capacity 4990K, committed 5032K, reserved 1048576K
}
Event: 9.243 GC heap before
{Heap before GC invocations=12 (full 2):
 PSYoungGen      total 123904K, used 113152K [0x00000000e0000000, 0x00000000e8480000, 0x0000000100000000)
  eden space 113152K, 100% used [0x00000000e0000000,0x00000000e6e80000,0x00000000e6e80000)
  from space 10752K, 0% used [0x00000000e6e80000,0x00000000e6e80000,0x00000000e7900000)
  to   space 10752K, 0% used [0x00000000e7900000,0x00000000e7900000,0x00000000e8380000)
 ParOldGen       total 55808K, used 16678K [0x00000000a0000000, 0x00000000a3680000, 0x00000000e0000000)
  object space 55808K, 29% used [0x00000000a0000000,0x00000000a1049a98,0x00000000a3680000)
 Metaspace       used 45364K, capacity 46458K, committed 46632K, reserved 1089536K
  class space    used 6114K, capacity 6414K, committed 6440K, reserved 1048576K
Event: 9.255 GC heap after
Heap after GC invocations=12 (full 2):
 PSYoungGen      total 123904K, used 10724K [0x00000000e0000000, 0x00000000e8480000, 0x0000000100000000)
  eden space 113152K, 0% used [0x00000000e0000000,0x00000000e0000000,0x00000000e6e80000)
  from space 10752K, 99% used [0x00000000e7900000,0x00000000e8379278,0x00000000e8380000)
  to   space 10752K, 0% used [0x00000000e6e80000,0x00000000e6e80000,0x00000000e7900000)
 ParOldGen       total 55808K, used 21011K [0x00000000a0000000, 0x00000000a3680000, 0x00000000e0000000)
  object space 55808K, 37% used [0x00000000a0000000,0x00000000a1484c90,0x00000000a3680000)
 Metaspace       used 45364K, capacity 46458K, committed 46632K, reserved 1089536K
  class space    used 6114K, capacity 6414K, committed 6440K, reserved 1048576K
}

Deoptimization events (10 events):
Event: 8.192 Thread 0x0000000018639000 Uncommon trap: reason=unstable_if action=reinterpret pc=0x00000000037996ec method=java.security.CodeSource.getCertificates()[Ljava/security/cert/Certificate; @ 22
Event: 8.192 Thread 0x0000000018639000 Uncommon trap: reason=unstable_if action=reinterpret pc=0x0000000003bbba00 method=java.util.jar.JarFile.maybeInstantiateVerifier()V @ 4
Event: 8.192 Thread 0x0000000018639000 Uncommon trap: reason=unstable_if action=reinterpret pc=0x0000000003693e30 method=java.util.jar.JarFile.maybeInstantiateVerifier()V @ 4
Event: 8.193 Thread 0x0000000018639000 Uncommon trap: reason=unstable_if action=reinterpret pc=0x0000000003362260 method=java.security.CodeSource.matchCerts(Ljava/security/CodeSource;Z)Z @ 11
Event: 8.193 Thread 0x0000000018639000 Uncommon trap: reason=unstable_if action=reinterpret pc=0x00000000034428a8 method=java.lang.ClassLoader.compareCerts([Ljava/security/cert/Certificate;[Ljava/security/cert/Certificate;)Z @ 1
Event: 8.222 Thread 0x0000000018639000 Uncommon trap: reason=unstable_if action=reinterpret pc=0x00000000032fb47c method=java.util.LinkedHashMap.get(Ljava/lang/Object;)Ljava/lang/Object; @ 20
Event: 8.254 Thread 0x0000000018639000 Uncommon trap: reason=unstable_if action=reinterpret pc=0x0000000003364fb8 method=java.security.CodeSource.matchCerts(Ljava/security/CodeSource;Z)Z @ 11
Event: 8.375 Thread 0x0000000018639000 Uncommon trap: reason=unstable_if action=reinterpret pc=0x0000000003a352e4 method=org.objectweb.asm.ByteVector.putUTF8(Ljava/lang/String;)Lorg/objectweb/asm/ByteVector; @ 93
Event: 9.064 Thread 0x0000000018639000 Uncommon trap: reason=unstable_if action=reinterpret pc=0x0000000003a5c850 method=org.gradle.internal.reflect.PropertyAccessorType.of(Ljava/lang/reflect/Method;)Lorg/gradle/internal/reflect/PropertyAccessorType; @ 56
Event: 9.456 Thread 0x0000000018639000 Uncommon trap: reason=unstable_if action=reinterpret pc=0x0000000003d65224 method=org.gradle.internal.instantiation.AbstractClassGenerator$InjectionAnnotationValidator.validateMethod(Ljava/lang/reflect/Method;Lorg/gradle/internal/reflect/PropertyAccessorT

Classes redefined (0 events):
No events

Internal exceptions (10 events):
Event: 9.239 Thread 0x0000000018639000 Exception <a 'java/lang/ClassNotFoundException': build_9dc0rvwusjo22c3zdgnv8vdpb$_run_closure1BeanInfo> (0x00000000e6e2b0f0) thrown at [D:\src\AOSP-openjdk-cygwin\jdk8u\hotspot\src\share\vm\classfile\systemDictionary.cpp, line 210]
Event: 9.239 Thread 0x0000000018639000 Exception <a 'java/lang/ClassNotFoundException': build_9dc0rvwusjo22c3zdgnv8vdpb$_run_closure1Customizer> (0x00000000e6e3c160) thrown at [D:\src\AOSP-openjdk-cygwin\jdk8u\hotspot\src\share\vm\classfile\systemDictionary.cpp, line 210]
Event: 9.268 Thread 0x0000000018639000 Exception <a 'java/lang/ClassNotFoundException': org/gradle/api/internal/file/collections/DefaultConfigurableFileTreeBeanInfo> (0x00000000e015d790) thrown at [D:\src\AOSP-openjdk-cygwin\jdk8u\hotspot\src\share\vm\classfile\systemDictionary.cpp, line 210]
Event: 9.269 Thread 0x0000000018639000 Exception <a 'java/lang/ClassNotFoundException': org/gradle/api/internal/file/CompositeFileTreeBeanInfo> (0x00000000e0191218) thrown at [D:\src\AOSP-openjdk-cygwin\jdk8u\hotspot\src\share\vm\classfile\systemDictionary.cpp, line 210]
Event: 9.269 Thread 0x0000000018639000 Exception <a 'java/lang/ClassNotFoundException': org/gradle/api/internal/file/CompositeFileCollectionBeanInfo> (0x00000000e01c8b08) thrown at [D:\src\AOSP-openjdk-cygwin\jdk8u\hotspot\src\share\vm\classfile\systemDictionary.cpp, line 210]
Event: 9.270 Thread 0x0000000018639000 Exception <a 'java/lang/ClassNotFoundException': org/gradle/api/internal/file/AbstractFileCollectionBeanInfo> (0x00000000e0200550) thrown at [D:\src\AOSP-openjdk-cygwin\jdk8u\hotspot\src\share\vm\classfile\systemDictionary.cpp, line 210]
Event: 9.270 Thread 0x0000000018639000 Exception <a 'java/lang/ClassNotFoundException': org/gradle/api/internal/file/AbstractFileCollectionCustomizer> (0x00000000e025fda0) thrown at [D:\src\AOSP-openjdk-cygwin\jdk8u\hotspot\src\share\vm\classfile\systemDictionary.cpp, line 210]
Event: 9.271 Thread 0x0000000018639000 Exception <a 'java/lang/ClassNotFoundException': org/gradle/api/internal/file/CompositeFileCollectionCustomizer> (0x00000000e02a6500) thrown at [D:\src\AOSP-openjdk-cygwin\jdk8u\hotspot\src\share\vm\classfile\systemDictionary.cpp, line 210]
Event: 9.272 Thread 0x0000000018639000 Exception <a 'java/lang/ClassNotFoundException': org/gradle/api/internal/file/CompositeFileTreeCustomizer> (0x00000000e02ea9f0) thrown at [D:\src\AOSP-openjdk-cygwin\jdk8u\hotspot\src\share\vm\classfile\systemDictionary.cpp, line 210]
Event: 9.273 Thread 0x0000000018639000 Exception <a 'java/lang/ClassNotFoundException': org/gradle/api/internal/file/collections/DefaultConfigurableFileTreeCustomizer> (0x00000000e03386c0) thrown at [D:\src\AOSP-openjdk-cygwin\jdk8u\hotspot\src\share\vm\classfile\systemDictionary.cpp, line 210

Events (10 events):
Event: 9.458 loading class org/gradle/api/Action
Event: 9.458 loading class org/gradle/api/Action done
Event: 9.459 loading class com/android/build/gradle/internal/publishing/AndroidArtifacts
Event: 9.459 loading class com/android/build/gradle/internal/publishing/AndroidArtifacts done
Event: 9.459 loading class org/gradle/api/attributes/Attribute
Event: 9.459 loading class org/gradle/api/attributes/Attribute done
Event: 9.460 loading class org/gradle/internal/snapshot/impl/BooleanValueSnapshot
Event: 9.460 loading class org/gradle/internal/snapshot/impl/BooleanValueSnapshot done
Event: 9.460 loading class com/android/build/gradle/internal/dependency/MockableJarTransform
Event: 9.460 loading class com/android/build/gradle/internal/dependency/MockableJarTransform done


Dynamic libraries:
0x00007ff73a050000 - 0x00007ff73a081000 	C:\Program Files\Android\Android Studio\jre\bin\java.exe
0x00007ffbf7ac0000 - 0x00007ffbf7cb0000 	C:\WINDOWS\SYSTEM32\ntdll.dll
0x00007ffbf74d0000 - 0x00007ffbf7582000 	C:\WINDOWS\System32\KERNEL32.DLL
0x00007ffbf4ab0000 - 0x00007ffbf4d53000 	C:\WINDOWS\System32\KERNELBASE.dll
0x00007ffbf5c20000 - 0x00007ffbf5cc3000 	C:\WINDOWS\System32\ADVAPI32.dll
0x00007ffbf7970000 - 0x00007ffbf7a0e000 	C:\WINDOWS\System32\msvcrt.dll
0x00007ffbf76f0000 - 0x00007ffbf7787000 	C:\WINDOWS\System32\sechost.dll
0x00007ffbf5f50000 - 0x00007ffbf6070000 	C:\WINDOWS\System32\RPCRT4.dll
0x00007ffbf7330000 - 0x00007ffbf74c4000 	C:\WINDOWS\System32\USER32.dll
0x00007ffbf4a50000 - 0x00007ffbf4a71000 	C:\WINDOWS\System32\win32u.dll
0x00007ffbf6780000 - 0x00007ffbf67a6000 	C:\WINDOWS\System32\GDI32.dll
0x00007ffbf5130000 - 0x00007ffbf52c4000 	C:\WINDOWS\System32\gdi32full.dll
0x00007ffbf4ec0000 - 0x00007ffbf4f5e000 	C:\WINDOWS\System32\msvcp_win.dll
0x00007ffbf5a70000 - 0x00007ffbf5b6a000 	C:\WINDOWS\System32\ucrtbase.dll
0x00007ffbe6400000 - 0x00007ffbe6685000 	C:\WINDOWS\WinSxS\amd64_microsoft.windows.common-controls_6595b64144ccf1df_6.0.18362.693_none_e6c1b3c11311d480\COMCTL32.dll
0x00007ffbf6ff0000 - 0x00007ffbf7326000 	C:\WINDOWS\System32\combase.dll
0x00007ffbf50b0000 - 0x00007ffbf5130000 	C:\WINDOWS\System32\bcryptPrimitives.dll
0x00007ffbf7870000 - 0x00007ffbf789e000 	C:\WINDOWS\System32\IMM32.DLL
0x0000000067ac0000 - 0x0000000067b92000 	C:\Program Files\Android\Android Studio\jre\jre\bin\msvcr100.dll
0x0000000066ed0000 - 0x0000000067716000 	C:\Program Files\Android\Android Studio\jre\jre\bin\server\jvm.dll
0x00007ffbf6070000 - 0x00007ffbf6078000 	C:\WINDOWS\System32\PSAPI.DLL
0x00007ffbe5b20000 - 0x00007ffbe5b29000 	C:\WINDOWS\SYSTEM32\WSOCK32.dll
0x00007ffbf2780000 - 0x00007ffbf27a4000 	C:\WINDOWS\SYSTEM32\WINMM.dll
0x00007ffbedc80000 - 0x00007ffbedc8a000 	C:\WINDOWS\SYSTEM32\VERSION.dll
0x00007ffbf7a10000 - 0x00007ffbf7a7f000 	C:\WINDOWS\System32\WS2_32.dll
0x00007ffbf2750000 - 0x00007ffbf277d000 	C:\WINDOWS\SYSTEM32\WINMMBASE.dll
0x00007ffbf4e70000 - 0x00007ffbf4eba000 	C:\WINDOWS\System32\cfgmgr32.dll
0x00007ffbcf070000 - 0x00007ffbcf07f000 	C:\Program Files\Android\Android Studio\jre\jre\bin\verify.dll
0x00007ffbc03a0000 - 0x00007ffbc03c9000 	C:\Program Files\Android\Android Studio\jre\jre\bin\java.dll
0x00007ffbc0380000 - 0x00007ffbc0396000 	C:\Program Files\Android\Android Studio\jre\jre\bin\zip.dll
0x00007ffbf6090000 - 0x00007ffbf6776000 	C:\WINDOWS\System32\SHELL32.dll
0x00007ffbf5b70000 - 0x00007ffbf5c19000 	C:\WINDOWS\System32\shcore.dll
0x00007ffbf52f0000 - 0x00007ffbf5a70000 	C:\WINDOWS\System32\windows.storage.dll
0x00007ffbf49a0000 - 0x00007ffbf49c9000 	C:\WINDOWS\System32\Wldp.dll
0x00007ffbf4f60000 - 0x00007ffbf50a9000 	C:\WINDOWS\System32\CRYPT32.dll
0x00007ffbf4980000 - 0x00007ffbf4992000 	C:\WINDOWS\System32\MSASN1.dll
0x00007ffbf4d60000 - 0x00007ffbf4dbc000 	C:\WINDOWS\System32\WINTRUST.dll
0x00007ffbf4a20000 - 0x00007ffbf4a43000 	C:\WINDOWS\System32\profapi.dll
0x00007ffbf49d0000 - 0x00007ffbf4a1a000 	C:\WINDOWS\System32\powrprof.dll
0x00007ffbf4950000 - 0x00007ffbf4960000 	C:\WINDOWS\System32\UMPDC.dll
0x00007ffbf6860000 - 0x00007ffbf68b2000 	C:\WINDOWS\System32\shlwapi.dll
0x00007ffbf4960000 - 0x00007ffbf4971000 	C:\WINDOWS\System32\kernel.appcore.dll
0x00007ffbf52d0000 - 0x00007ffbf52e7000 	C:\WINDOWS\System32\cryptsp.dll
0x00007ffbc0360000 - 0x00007ffbc037a000 	C:\Program Files\Android\Android Studio\jre\jre\bin\net.dll
0x00007ffbf4190000 - 0x00007ffbf41f7000 	C:\WINDOWS\system32\mswsock.dll
0x00007ffbc0340000 - 0x00007ffbc0351000 	C:\Program Files\Android\Android Studio\jre\jre\bin\nio.dll
0x00007ffbafe30000 - 0x00007ffbafe56000 	C:\Users\kommi\.gradle\native\29\windows-amd64\native-platform.dll
0x00007ffbcd880000 - 0x00007ffbcd88d000 	C:\Program Files\Android\Android Studio\jre\jre\bin\management.dll
0x00007ffbf3d00000 - 0x00007ffbf3d33000 	C:\WINDOWS\system32\rsaenh.dll
0x00007ffbf4a80000 - 0x00007ffbf4aa6000 	C:\WINDOWS\System32\bcrypt.dll
0x00007ffbf4840000 - 0x00007ffbf4865000 	C:\WINDOWS\SYSTEM32\USERENV.dll
0x00007ffbf4360000 - 0x00007ffbf436c000 	C:\WINDOWS\SYSTEM32\CRYPTBASE.dll
0x00007ffbf3ea0000 - 0x00007ffbf3eda000 	C:\WINDOWS\SYSTEM32\IPHLPAPI.DLL
0x00007ffbf6f60000 - 0x00007ffbf6f68000 	C:\WINDOWS\System32\NSI.dll
0x00007ffbee630000 - 0x00007ffbee646000 	C:\WINDOWS\SYSTEM32\dhcpcsvc6.DLL
0x00007ffbef250000 - 0x00007ffbef26c000 	C:\WINDOWS\SYSTEM32\dhcpcsvc.DLL
0x00007ffbf3f30000 - 0x00007ffbf3ffa000 	C:\WINDOWS\SYSTEM32\DNSAPI.dll

VM Arguments:
jvm_args: -Xmx1536m -Dfile.encoding=windows-1252 -Duser.country=IN -Duser.language=en -Duser.variant 
java_command: org.gradle.launcher.daemon.bootstrap.GradleDaemon 5.4.1
java_class_path (initial): C:\Users\kommi\.gradle\wrapper\dists\gradle-5.4.1-all\3221gyojl5jsh0helicew7rwx\gradle-5.4.1\lib\gradle-launcher-5.4.1.jar
Launcher Type: SUN_STANDARD

Environment Variables:
PATH=C:\Program Files (x86)\Intel\iCLS Client\;C:\Program Files\Intel\iCLS Client\;C:\windows\system32;C:\windows;C:\windows\System32\Wbem;C:\windows\System32\WindowsPowerShell\v1.0\;C:\Program Files (x86)\Intel\Intel(R) Management Engine Components\DAL;C:\Program Files\Intel\Intel(R) Management Engine Components\DAL;C:\Program Files (x86)\Intel\Intel(R) Management Engine Components\IPT;C:\Program Files\Intel\Intel(R) Management Engine Components\IPT;C:\Program Files (x86)\NVIDIA Corporation\PhysX\Common;C:\WINDOWS\system32;C:\WINDOWS;C:\WINDOWS\System32\Wbem;C:\WINDOWS\System32\WindowsPowerShell\v1.0\;C:\WINDOWS\System32\OpenSSH\;C:\Program Files\NVIDIA Corporation\NVIDIA NvDLISR;C:\Program Files\Java\jdk-13.0.1\bin;C:\Program Files\nodejs\;C:\Program Files\Git\cmd;C:\Users\kommi\AppData\Local\Programs\Python\Python38-32\Scripts\;C:\Users\kommi\AppData\Local\Programs\Python\Python38-32\;C:\Users\kommi\AppData\Local\Microsoft\WindowsApps;;C:\Users\kommi\AppData\Local\Programs\Microsoft VS Code\bin;C:\Users\kommi\AppData\Roaming\npm
USERNAME=kommi
OS=Windows_NT
PROCESSOR_IDENTIFIER=Intel64 Family 6 Model 158 Stepping 9, GenuineIntel



---------------  S Y S T E M  ---------------

OS: Windows 10.0 , 64 bit Build 18362 (10.0.18362.329)

CPU:total 4 (initial active 4) (4 cores per cpu, 1 threads per core) family 6 model 158 stepping 9, cmov, cx8, fxsr, mmx, sse, sse2, sse3, ssse3, sse4.1, sse4.2, popcnt, avx, avx2, aes, clmul, erms, 3dnowpref, lzcnt, tsc, tscinvbit, bmi1, bmi2, adx

Memory: 4k page, physical 8271076k(1298324k free), swap 12201188k(5172k free)

vm_info: OpenJDK 64-Bit Server VM (25.202-b03) for windows-amd64 JRE (1.8.0_202-release-1483-b03), built by "builder" with MS VC++ 10.0 (VS2010)

time: Thu Mar 12 22:28:41 2020
timezone: India Standard Time
elapsed time: 9 seconds (0d 0h 0m 9s)

