#
# There is insufficient memory for the Java Runtime Environment to continue.
# Native memory allocation (malloc) failed to allocate 32744 bytes for ChunkPool::allocate
# Possible reasons:
#   The system is out of physical RAM or swap space
#   The process is running with CompressedOops enabled, and the Java Heap may be blocking the growth of the native heap
# Possible solutions:
#   Reduce memory load on the system
#   Increase physical memory or swap space
#   Check if swap backing store is full
#   Decrease Java heap size (-Xmx/-Xms)
#   Decrease number of Java threads
#   Decrease Java thread stack sizes (-Xss)
#   Set larger code cache with -XX:ReservedCodeCacheSize=
#   JVM is running with Unscaled Compressed Oops mode in which the Java heap is
#     placed in the first 4GB address space. The Java Heap base address is the
#     maximum limit for the native heap growth. Please use -XX:HeapBaseMinAddress
#     to set the Java Heap base and to place the Java Heap above 4GB virtual address.
# This output file may be truncated or incomplete.
#
#  Out of Memory Error (allocation.cpp:272), pid=8104, tid=0x0000000000000ae8
#
# JRE version: OpenJDK Runtime Environment (8.0_202-b03) (build 1.8.0_202-release-1483-b03)
# Java VM: OpenJDK 64-Bit Server VM (25.202-b03 mixed mode windows-amd64 compressed oops)
# Failed to write core dump. Minidumps are not enabled by default on client versions of Windows
#

---------------  T H R E A D  ---------------

Current thread (0x000000001622d000):  JavaThread "C2 CompilerThread1" daemon [_thread_in_native, id=2792, stack(0x00000000179a0000,0x0000000017aa0000)]

Stack: [0x00000000179a0000,0x0000000017aa0000]
[error occurred during error reporting (printing stack bounds), id 0xc0000005]

Native frames: (J=compiled Java code, j=interpreted, Vv=VM code, C=native code)


Current CompileTask:
C2:   2401 1431   !   4       java.net.URLClassLoader$1::run (63 bytes)


---------------  P R O C E S S  ---------------

Java Threads: ( => current thread )
  0x0000000018e4d000 JavaThread "Cache worker for file hash cache (C:\Users\kommi\Downloads\E Canteen\ECanteen\.gradle\5.4.1\fileHashes)" [_thread_blocked, id=10456, stack(0x000000001e360000,0x000000001e460000)]
  0x0000000018e4b800 JavaThread "Cache worker for journal cache (C:\Users\kommi\.gradle\caches\journal-1)" [_thread_blocked, id=6036, stack(0x000000001adf0000,0x000000001aef0000)]
  0x0000000018e50000 JavaThread "File lock request listener" [_thread_in_native, id=10628, stack(0x000000001acf0000,0x000000001adf0000)]
  0x0000000019602800 JavaThread "Cache worker for file hash cache (C:\Users\kommi\.gradle\caches\5.4.1\fileHashes)" [_thread_blocked, id=10448, stack(0x000000001abf0000,0x000000001acf0000)]
  0x0000000019365800 JavaThread "Thread-9" [_thread_blocked, id=6544, stack(0x000000001aaf0000,0x000000001abf0000)]
  0x00000000193fb800 JavaThread "Stdin handler" [_thread_blocked, id=9440, stack(0x000000001a9f0000,0x000000001aaf0000)]
  0x000000001940f800 JavaThread "Asynchronous log dispatcher for DefaultDaemonConnection: socket connection from /127.0.0.1:50210 to /127.0.0.1:50211" [_thread_blocked, id=1472, stack(0x000000001a8f0000,0x000000001a9f0000)]
  0x00000000181d8000 JavaThread "Daemon worker" [_thread_in_vm, id=10636, stack(0x000000001a7f0000,0x000000001a8f0000)]
  0x00000000196ff000 JavaThread "Cancel handler" [_thread_blocked, id=8008, stack(0x000000001a6f0000,0x000000001a7f0000)]
  0x0000000017f7c000 JavaThread "Handler for socket connection from /127.0.0.1:50210 to /127.0.0.1:50211" [_thread_in_native, id=7556, stack(0x000000001a3f0000,0x000000001a4f0000)]
  0x0000000018321000 JavaThread "Daemon" [_thread_blocked, id=1212, stack(0x000000001a2f0000,0x000000001a3f0000)]
  0x000000001831d000 JavaThread "Daemon periodic checks" [_thread_blocked, id=940, stack(0x000000001a1f0000,0x000000001a2f0000)]
  0x000000001836f000 JavaThread "Incoming local TCP Connector on port 50210" [_thread_in_native, id=7560, stack(0x0000000019fb0000,0x000000001a0b0000)]
  0x0000000019506800 JavaThread "Daemon health stats" [_thread_blocked, id=3536, stack(0x0000000019970000,0x0000000019a70000)]
  0x0000000017bc8800 JavaThread "Service Thread" daemon [_thread_blocked, id=5628, stack(0x0000000017fa0000,0x00000000180a0000)]
  0x0000000016233000 JavaThread "C1 CompilerThread2" daemon [_thread_blocked, id=8548, stack(0x0000000017aa0000,0x0000000017ba0000)]
=>0x000000001622d000 JavaThread "C2 CompilerThread1" daemon [_thread_in_native, id=2792, stack(0x00000000179a0000,0x0000000017aa0000)]
  0x0000000016238000 JavaThread "C2 CompilerThread0" daemon [_thread_in_native, id=10004, stack(0x00000000178a0000,0x00000000179a0000)]
  0x0000000016237000 JavaThread "Attach Listener" daemon [_thread_blocked, id=8396, stack(0x00000000177a0000,0x00000000178a0000)]
  0x0000000016235800 JavaThread "Signal Dispatcher" daemon [_thread_blocked, id=13740, stack(0x00000000176a0000,0x00000000177a0000)]
  0x00000000028bc800 JavaThread "Finalizer" daemon [_thread_blocked, id=1176, stack(0x00000000174a0000,0x00000000175a0000)]
  0x0000000016219000 JavaThread "Reference Handler" daemon [_thread_blocked, id=996, stack(0x00000000173a0000,0x00000000174a0000)]
  0x0000000000d8e000 JavaThread "main" [_thread_blocked, id=6440, stack(0x00000000025f0000,0x00000000026f0000)]

Other Threads:
  0x00000000161f6800 VMThread [stack: 0x00000000172a0000,0x00000000173a0000] [id=12136]
  0x0000000017bcd000 WatcherThread [stack: 0x00000000180a0000,0x00000000181a0000] [id=5912]

VM state:not at safepoint (normal execution)

VM Mutex/Monitor currently owned by a thread: None

heap address: 0x00000000a0000000, size: 1536 MB, Compressed Oops mode: 32-bit
Narrow klass base: 0x0000000000000000, Narrow klass shift: 3
Compressed class space size: 1073741824 Address: 0x0000000100000000

Heap:
 PSYoungGen      total 38400K, used 18292K [0x00000000e0000000, 0x00000000e4b00000, 0x0000000100000000)
  eden space 33280K, 39% used [0x00000000e0000000,0x00000000e0ce50d0,0x00000000e2080000)
  from space 5120K, 99% used [0x00000000e2580000,0x00000000e2a78020,0x00000000e2a80000)
  to   space 5120K, 0% used [0x00000000e2080000,0x00000000e2080000,0x00000000e2580000)
 ParOldGen       total 87552K, used 5024K [0x00000000a0000000, 0x00000000a5580000, 0x00000000e0000000)
  object space 87552K, 5% used [0x00000000a0000000,0x00000000a04e8100,0x00000000a5580000)
 Metaspace       used 17197K, capacity 17604K, committed 17792K, reserved 1064960K
  class space    used 2485K, capacity 2616K, committed 2688K, reserved 1048576K

Card table byte_map: [0x0000000011c80000,0x0000000011f90000] byte_map_base: 0x0000000011780000

Marking Bits: (ParMarkBitMap*) 0x0000000067699f30
 Begin Bits: [0x0000000012590000, 0x0000000013d90000)
 End Bits:   [0x0000000013d90000, 0x0000000015590000)

Polling page: 0x0000000000d90000

CodeCache: size=245760Kb used=5135Kb max_used=5135Kb free=240624Kb
 bounds [0x00000000028c0000, 0x0000000002dd0000, 0x00000000118c0000]
 total_blobs=1911 nmethods=1512 adapters=312
 compilation: enabled

Compilation events (10 events):
Event: 2.271 Thread 0x0000000016233000 1509       3       org.gradle.internal.service.DefaultServiceRegistry$ManagedObjectServiceProvider::fromSameRegistry (27 bytes)
Event: 2.271 Thread 0x0000000016233000 nmethod 1509 0x0000000002dbf290 code [0x0000000002dbf400, 0x0000000002dbf7d0]
Event: 2.271 Thread 0x0000000016233000 1510       3       org.gradle.internal.service.DefaultServiceRegistry$ParentServices::getService (11 bytes)
Event: 2.271 Thread 0x0000000016233000 nmethod 1510 0x0000000002dbf890 code [0x0000000002dbfa00, 0x0000000002dbfc28]
Event: 2.282 Thread 0x0000000016233000 1511       3       java.lang.reflect.Method::setMethodAccessor (21 bytes)
Event: 2.282 Thread 0x0000000016233000 nmethod 1511 0x0000000002dbfd10 code [0x0000000002dbfe80, 0x0000000002dc0228]
Event: 2.285 Thread 0x0000000016233000 1512       3       org.gradle.internal.service.DefaultServiceRegistry$SingletonService::get (5 bytes)
Event: 2.285 Thread 0x0000000016233000 nmethod 1512 0x0000000002dc0350 code [0x0000000002dc04c0, 0x0000000002dc06c8]
Event: 2.285 Thread 0x0000000016233000 1513   !   3       org.gradle.internal.service.DefaultServiceRegistry$ManagedObjectServiceProvider::getInstance (81 bytes)
Event: 2.286 Thread 0x0000000016233000 nmethod 1513 0x0000000002dc0750 code [0x0000000002dc08c0, 0x0000000002dc0d28]

GC Heap History (8 events):
Event: 0.702 GC heap before
{Heap before GC invocations=1 (full 0):
 PSYoungGen      total 38400K, used 33280K [0x00000000e0000000, 0x00000000e2a80000, 0x0000000100000000)
  eden space 33280K, 100% used [0x00000000e0000000,0x00000000e2080000,0x00000000e2080000)
  from space 5120K, 0% used [0x00000000e2580000,0x00000000e2580000,0x00000000e2a80000)
  to   space 5120K, 0% used [0x00000000e2080000,0x00000000e2080000,0x00000000e2580000)
 ParOldGen       total 87552K, used 0K [0x00000000a0000000, 0x00000000a5580000, 0x00000000e0000000)
  object space 87552K, 0% used [0x00000000a0000000,0x00000000a0000000,0x00000000a5580000)
 Metaspace       used 6950K, capacity 7172K, committed 7424K, reserved 1056768K
  class space    used 850K, capacity 908K, committed 1024K, reserved 1048576K
Event: 0.706 GC heap after
Heap after GC invocations=1 (full 0):
 PSYoungGen      total 38400K, used 4202K [0x00000000e0000000, 0x00000000e2a80000, 0x0000000100000000)
  eden space 33280K, 0% used [0x00000000e0000000,0x00000000e0000000,0x00000000e2080000)
  from space 5120K, 82% used [0x00000000e2080000,0x00000000e249ab80,0x00000000e2580000)
  to   space 5120K, 0% used [0x00000000e2580000,0x00000000e2580000,0x00000000e2a80000)
 ParOldGen       total 87552K, used 8K [0x00000000a0000000, 0x00000000a5580000, 0x00000000e0000000)
  object space 87552K, 0% used [0x00000000a0000000,0x00000000a0002000,0x00000000a5580000)
 Metaspace       used 6950K, capacity 7172K, committed 7424K, reserved 1056768K
  class space    used 850K, capacity 908K, committed 1024K, reserved 1048576K
}
Event: 1.057 GC heap before
{Heap before GC invocations=2 (full 0):
 PSYoungGen      total 38400K, used 37482K [0x00000000e0000000, 0x00000000e2a80000, 0x0000000100000000)
  eden space 33280K, 100% used [0x00000000e0000000,0x00000000e2080000,0x00000000e2080000)
  from space 5120K, 82% used [0x00000000e2080000,0x00000000e249ab80,0x00000000e2580000)
  to   space 5120K, 0% used [0x00000000e2580000,0x00000000e2580000,0x00000000e2a80000)
 ParOldGen       total 87552K, used 8K [0x00000000a0000000, 0x00000000a5580000, 0x00000000e0000000)
  object space 87552K, 0% used [0x00000000a0000000,0x00000000a0002000,0x00000000a5580000)
 Metaspace       used 8947K, capacity 9192K, committed 9216K, reserved 1056768K
  class space    used 1170K, capacity 1258K, committed 1280K, reserved 1048576K
Event: 1.062 GC heap after
Heap after GC invocations=2 (full 0):
 PSYoungGen      total 38400K, used 4461K [0x00000000e0000000, 0x00000000e2a80000, 0x0000000100000000)
  eden space 33280K, 0% used [0x00000000e0000000,0x00000000e0000000,0x00000000e2080000)
  from space 5120K, 87% used [0x00000000e2580000,0x00000000e29db7c0,0x00000000e2a80000)
  to   space 5120K, 0% used [0x00000000e2080000,0x00000000e2080000,0x00000000e2580000)
 ParOldGen       total 87552K, used 16K [0x00000000a0000000, 0x00000000a5580000, 0x00000000e0000000)
  object space 87552K, 0% used [0x00000000a0000000,0x00000000a0004000,0x00000000a5580000)
 Metaspace       used 8947K, capacity 9192K, committed 9216K, reserved 1056768K
  class space    used 1170K, capacity 1258K, committed 1280K, reserved 1048576K
}
Event: 1.905 GC heap before
{Heap before GC invocations=3 (full 0):
 PSYoungGen      total 38400K, used 37741K [0x00000000e0000000, 0x00000000e2a80000, 0x0000000100000000)
  eden space 33280K, 100% used [0x00000000e0000000,0x00000000e2080000,0x00000000e2080000)
  from space 5120K, 87% used [0x00000000e2580000,0x00000000e29db7c0,0x00000000e2a80000)
  to   space 5120K, 0% used [0x00000000e2080000,0x00000000e2080000,0x00000000e2580000)
 ParOldGen       total 87552K, used 16K [0x00000000a0000000, 0x00000000a5580000, 0x00000000e0000000)
  object space 87552K, 0% used [0x00000000a0000000,0x00000000a0004000,0x00000000a5580000)
 Metaspace       used 13309K, capacity 13620K, committed 13824K, reserved 1060864K
  class space    used 1840K, capacity 1966K, committed 2048K, reserved 1048576K
Event: 1.911 GC heap after
Heap after GC invocations=3 (full 0):
 PSYoungGen      total 38400K, used 5088K [0x00000000e0000000, 0x00000000e2a80000, 0x0000000100000000)
  eden space 33280K, 0% used [0x00000000e0000000,0x00000000e0000000,0x00000000e2080000)
  from space 5120K, 99% used [0x00000000e2080000,0x00000000e2578020,0x00000000e2580000)
  to   space 5120K, 0% used [0x00000000e2580000,0x00000000e2580000,0x00000000e2a80000)
 ParOldGen       total 87552K, used 1882K [0x00000000a0000000, 0x00000000a5580000, 0x00000000e0000000)
  object space 87552K, 2% used [0x00000000a0000000,0x00000000a01d6978,0x00000000a5580000)
 Metaspace       used 13309K, capacity 13620K, committed 13824K, reserved 1060864K
  class space    used 1840K, capacity 1966K, committed 2048K, reserved 1048576K
}
Event: 2.205 GC heap before
{Heap before GC invocations=4 (full 0):
 PSYoungGen      total 38400K, used 38368K [0x00000000e0000000, 0x00000000e2a80000, 0x0000000100000000)
  eden space 33280K, 100% used [0x00000000e0000000,0x00000000e2080000,0x00000000e2080000)
  from space 5120K, 99% used [0x00000000e2080000,0x00000000e2578020,0x00000000e2580000)
  to   space 5120K, 0% used [0x00000000e2580000,0x00000000e2580000,0x00000000e2a80000)
 ParOldGen       total 87552K, used 1882K [0x00000000a0000000, 0x00000000a5580000, 0x00000000e0000000)
  object space 87552K, 2% used [0x00000000a0000000,0x00000000a01d6978,0x00000000a5580000)
 Metaspace       used 16183K, capacity 16612K, committed 16896K, reserved 1062912K
  class space    used 2303K, capacity 2456K, committed 2560K, reserved 1048576K
Event: 2.214 GC heap after
Heap after GC invocations=4 (full 0):
 PSYoungGen      total 38400K, used 5088K [0x00000000e0000000, 0x00000000e4b00000, 0x0000000100000000)
  eden space 33280K, 0% used [0x00000000e0000000,0x00000000e0000000,0x00000000e2080000)
  from space 5120K, 99% used [0x00000000e2580000,0x00000000e2a78020,0x00000000e2a80000)
  to   space 5120K, 0% used [0x00000000e2080000,0x00000000e2080000,0x00000000e2580000)
 ParOldGen       total 87552K, used 5024K [0x00000000a0000000, 0x00000000a5580000, 0x00000000e0000000)
  object space 87552K, 5% used [0x00000000a0000000,0x00000000a04e8100,0x00000000a5580000)
 Metaspace       used 16183K, capacity 16612K, committed 16896K, reserved 1062912K
  class space    used 2303K, capacity 2456K, committed 2560K, reserved 1048576K
}

Deoptimization events (10 events):
Event: 1.320 Thread 0x0000000000d8e000 Uncommon trap: reason=unstable_if action=reinterpret pc=0x0000000002c0428c method=java.io.WinNTFileSystem.normalize(Ljava/lang/String;II)Ljava/lang/String; @ 90
Event: 1.712 Thread 0x0000000017f7c000 Uncommon trap: reason=unstable_if action=reinterpret pc=0x0000000002c5856c method=java.util.concurrent.ConcurrentHashMap.putVal(Ljava/lang/Object;Ljava/lang/Object;Z)Ljava/lang/Object; @ 206
Event: 1.762 Thread 0x00000000181d8000 Uncommon trap: reason=bimorphic action=maybe_recompile pc=0x0000000002b2e854 method=java.util.HashMap.putVal(ILjava/lang/Object;Ljava/lang/Object;ZZ)Ljava/lang/Object; @ 253
Event: 1.762 Thread 0x00000000181d8000 Uncommon trap: reason=bimorphic action=maybe_recompile pc=0x0000000002b2e854 method=java.util.HashMap.putVal(ILjava/lang/Object;Ljava/lang/Object;ZZ)Ljava/lang/Object; @ 253
Event: 1.762 Thread 0x00000000181d8000 Uncommon trap: reason=bimorphic action=maybe_recompile pc=0x0000000002b2e854 method=java.util.HashMap.putVal(ILjava/lang/Object;Ljava/lang/Object;ZZ)Ljava/lang/Object; @ 253
Event: 1.905 Thread 0x00000000181d8000 Uncommon trap: reason=class_check action=maybe_recompile pc=0x0000000002b89fd8 method=java.util.regex.Matcher.match(II)Z @ 86
Event: 1.923 Thread 0x00000000181d8000 Uncommon trap: reason=class_check action=maybe_recompile pc=0x0000000002b89fd8 method=java.util.regex.Matcher.match(II)Z @ 86
Event: 1.923 Thread 0x00000000181d8000 Uncommon trap: reason=class_check action=maybe_recompile pc=0x0000000002b89fd8 method=java.util.regex.Matcher.match(II)Z @ 86
Event: 1.923 Thread 0x00000000181d8000 Uncommon trap: reason=class_check action=maybe_recompile pc=0x0000000002b4041c method=java.util.regex.Matcher.match(II)Z @ 86
Event: 2.098 Thread 0x00000000181d8000 Uncommon trap: reason=unstable_if action=reinterpret pc=0x0000000002c4e634 method=java.lang.String.lastIndexOf([CII[CIII)I @ 66

Classes redefined (0 events):
No events

Internal exceptions (10 events):
Event: 1.716 Thread 0x0000000017f7c000 Exception <a 'java/lang/NoSuchMethodError': <clinit>> (0x00000000e0a7b118) thrown at [D:\src\AOSP-openjdk-cygwin\jdk8u\hotspot\src\share\vm\prims\jni.cpp, line 1614]
Event: 1.718 Thread 0x0000000017f7c000 Exception <a 'java/lang/NoSuchMethodError': <clinit>> (0x00000000e0a8e2f0) thrown at [D:\src\AOSP-openjdk-cygwin\jdk8u\hotspot\src\share\vm\prims\jni.cpp, line 1614]
Event: 1.721 Thread 0x0000000017f7c000 Exception <a 'java/lang/NoSuchMethodError': <clinit>> (0x00000000e0ab56a0) thrown at [D:\src\AOSP-openjdk-cygwin\jdk8u\hotspot\src\share\vm\prims\jni.cpp, line 1614]
Event: 1.722 Thread 0x0000000017f7c000 Exception <a 'java/lang/NoSuchMethodError': <clinit>> (0x00000000e0acd6e8) thrown at [D:\src\AOSP-openjdk-cygwin\jdk8u\hotspot\src\share\vm\prims\jni.cpp, line 1614]
Event: 1.723 Thread 0x0000000017f7c000 Exception <a 'java/lang/NoSuchMethodError': <clinit>> (0x00000000e0ad6378) thrown at [D:\src\AOSP-openjdk-cygwin\jdk8u\hotspot\src\share\vm\prims\jni.cpp, line 1614]
Event: 1.724 Thread 0x0000000017f7c000 Exception <a 'java/lang/NoSuchMethodError': <clinit>> (0x00000000e0aec970) thrown at [D:\src\AOSP-openjdk-cygwin\jdk8u\hotspot\src\share\vm\prims\jni.cpp, line 1614]
Event: 1.732 Thread 0x0000000017f7c000 Exception <a 'java/lang/NoSuchMethodError': <clinit>> (0x00000000e0b4a0f8) thrown at [D:\src\AOSP-openjdk-cygwin\jdk8u\hotspot\src\share\vm\prims\jni.cpp, line 1614]
Event: 1.735 Thread 0x0000000017f7c000 Exception <a 'java/lang/NoSuchMethodError': <clinit>> (0x00000000e0b76e48) thrown at [D:\src\AOSP-openjdk-cygwin\jdk8u\hotspot\src\share\vm\prims\jni.cpp, line 1614]
Event: 1.739 Thread 0x0000000017f7c000 Exception <a 'java/lang/NoSuchMethodError': <clinit>> (0x00000000e0ba4ec8) thrown at [D:\src\AOSP-openjdk-cygwin\jdk8u\hotspot\src\share\vm\prims\jni.cpp, line 1614]
Event: 1.740 Thread 0x0000000017f7c000 Exception <a 'java/lang/NoSuchMethodError': <clinit>> (0x00000000e0bb02d0) thrown at [D:\src\AOSP-openjdk-cygwin\jdk8u\hotspot\src\share\vm\prims\jni.cpp, line 1614]

Events (10 events):
Event: 2.316 loading class kotlin/Lazy
Event: 2.316 loading class kotlin/Lazy done
Event: 2.317 loading class kotlin/SafePublicationLazyImpl$Companion
Event: 2.317 loading class kotlin/SafePublicationLazyImpl$Companion done
Event: 2.317 loading class kotlin/UNINITIALIZED_VALUE
Event: 2.317 loading class kotlin/UNINITIALIZED_VALUE done
Event: 2.317 loading class org/gradle/internal/composite/CompositeBuildSettingsLoader
Event: 2.317 loading class org/gradle/internal/composite/CompositeBuildSettingsLoader done
Event: 2.318 loading class org/gradle/internal/composite/ChildBuildRegisteringSettingsLoader
Event: 2.318 loading class org/gradle/internal/composite/ChildBuildRegisteringSettingsLoader done


Dynamic libraries:
0x00007ff73a050000 - 0x00007ff73a081000 	C:\Program Files\Android\Android Studio\jre\bin\java.exe
0x00007ffbf7ac0000 - 0x00007ffbf7cb0000 	C:\WINDOWS\SYSTEM32\ntdll.dll
0x00007ffbf74d0000 - 0x00007ffbf7582000 	C:\WINDOWS\System32\KERNEL32.DLL
0x00007ffbf4ab0000 - 0x00007ffbf4d53000 	C:\WINDOWS\System32\KERNELBASE.dll
0x00007ffbf5c20000 - 0x00007ffbf5cc3000 	C:\WINDOWS\System32\ADVAPI32.dll
0x00007ffbf7970000 - 0x00007ffbf7a0e000 	C:\WINDOWS\System32\msvcrt.dll
0x00007ffbf76f0000 - 0x00007ffbf7787000 	C:\WINDOWS\System32\sechost.dll
0x00007ffbf5f50000 - 0x00007ffbf6070000 	C:\WINDOWS\System32\RPCRT4.dll
0x00007ffbf7330000 - 0x00007ffbf74c4000 	C:\WINDOWS\System32\USER32.dll
0x00007ffbf4a50000 - 0x00007ffbf4a71000 	C:\WINDOWS\System32\win32u.dll
0x00007ffbf6780000 - 0x00007ffbf67a6000 	C:\WINDOWS\System32\GDI32.dll
0x00007ffbf5130000 - 0x00007ffbf52c4000 	C:\WINDOWS\System32\gdi32full.dll
0x00007ffbf4ec0000 - 0x00007ffbf4f5e000 	C:\WINDOWS\System32\msvcp_win.dll
0x00007ffbf5a70000 - 0x00007ffbf5b6a000 	C:\WINDOWS\System32\ucrtbase.dll
0x00007ffbe6400000 - 0x00007ffbe6685000 	C:\WINDOWS\WinSxS\amd64_microsoft.windows.common-controls_6595b64144ccf1df_6.0.18362.693_none_e6c1b3c11311d480\COMCTL32.dll
0x00007ffbf6ff0000 - 0x00007ffbf7326000 	C:\WINDOWS\System32\combase.dll
0x00007ffbf50b0000 - 0x00007ffbf5130000 	C:\WINDOWS\System32\bcryptPrimitives.dll
0x00007ffbf7870000 - 0x00007ffbf789e000 	C:\WINDOWS\System32\IMM32.DLL
0x0000000067ac0000 - 0x0000000067b92000 	C:\Program Files\Android\Android Studio\jre\jre\bin\msvcr100.dll
0x0000000066ed0000 - 0x0000000067716000 	C:\Program Files\Android\Android Studio\jre\jre\bin\server\jvm.dll
0x00007ffbf6070000 - 0x00007ffbf6078000 	C:\WINDOWS\System32\PSAPI.DLL
0x00007ffbf2780000 - 0x00007ffbf27a4000 	C:\WINDOWS\SYSTEM32\WINMM.dll
0x00007ffbedc80000 - 0x00007ffbedc8a000 	C:\WINDOWS\SYSTEM32\VERSION.dll
0x00007ffbe5b20000 - 0x00007ffbe5b29000 	C:\WINDOWS\SYSTEM32\WSOCK32.dll
0x00007ffbf2750000 - 0x00007ffbf277d000 	C:\WINDOWS\SYSTEM32\WINMMBASE.dll
0x00007ffbf4e70000 - 0x00007ffbf4eba000 	C:\WINDOWS\System32\cfgmgr32.dll
0x0000000000d10000 - 0x0000000000d7f000 	C:\WINDOWS\System32\ws2_32.DLL
0x00007ffbcf070000 - 0x00007ffbcf07f000 	C:\Program Files\Android\Android Studio\jre\jre\bin\verify.dll
0x00007ffbc03a0000 - 0x00007ffbc03c9000 	C:\Program Files\Android\Android Studio\jre\jre\bin\java.dll
0x00007ffbc0380000 - 0x00007ffbc0396000 	C:\Program Files\Android\Android Studio\jre\jre\bin\zip.dll
0x00007ffbf6090000 - 0x00007ffbf6776000 	C:\WINDOWS\System32\SHELL32.dll
0x00007ffbf5b70000 - 0x00007ffbf5c19000 	C:\WINDOWS\System32\shcore.dll
0x00007ffbf52f0000 - 0x00007ffbf5a70000 	C:\WINDOWS\System32\windows.storage.dll
0x00007ffbf49a0000 - 0x00007ffbf49c9000 	C:\WINDOWS\System32\Wldp.dll
0x00007ffbf4f60000 - 0x00007ffbf50a9000 	C:\WINDOWS\System32\CRYPT32.dll
0x00007ffbf4980000 - 0x00007ffbf4992000 	C:\WINDOWS\System32\MSASN1.dll
0x00007ffbf4d60000 - 0x00007ffbf4dbc000 	C:\WINDOWS\System32\WINTRUST.dll
0x00007ffbf4a20000 - 0x00007ffbf4a43000 	C:\WINDOWS\System32\profapi.dll
0x00007ffbf49d0000 - 0x00007ffbf4a1a000 	C:\WINDOWS\System32\powrprof.dll
0x00007ffbf4950000 - 0x00007ffbf4960000 	C:\WINDOWS\System32\UMPDC.dll
0x00007ffbf6860000 - 0x00007ffbf68b2000 	C:\WINDOWS\System32\shlwapi.dll
0x00007ffbf4960000 - 0x00007ffbf4971000 	C:\WINDOWS\System32\kernel.appcore.dll
0x00007ffbf52d0000 - 0x00007ffbf52e7000 	C:\WINDOWS\System32\cryptsp.dll
0x00007ffbc0360000 - 0x00007ffbc037a000 	C:\Program Files\Android\Android Studio\jre\jre\bin\net.dll
0x00007ffbf4190000 - 0x00007ffbf41f7000 	C:\WINDOWS\system32\mswsock.dll
0x00007ffbc0340000 - 0x00007ffbc0351000 	C:\Program Files\Android\Android Studio\jre\jre\bin\nio.dll
0x00007ffbafe30000 - 0x00007ffbafe56000 	C:\Users\kommi\.gradle\native\29\windows-amd64\native-platform.dll
0x00007ffbcd880000 - 0x00007ffbcd88d000 	C:\Program Files\Android\Android Studio\jre\jre\bin\management.dll
0x00007ffbf3d00000 - 0x00007ffbf3d33000 	C:\WINDOWS\system32\rsaenh.dll
0x00007ffbf4a80000 - 0x00007ffbf4aa6000 	C:\WINDOWS\System32\bcrypt.dll
0x00007ffbf4840000 - 0x00007ffbf4865000 	C:\WINDOWS\SYSTEM32\USERENV.dll
0x00007ffbf4360000 - 0x00007ffbf436c000 	C:\WINDOWS\SYSTEM32\CRYPTBASE.dll
0x00007ffbf3ea0000 - 0x00007ffbf3eda000 	C:\WINDOWS\SYSTEM32\IPHLPAPI.DLL
0x00007ffbf6f60000 - 0x00007ffbf6f68000 	C:\WINDOWS\System32\NSI.dll
0x00007ffbee630000 - 0x00007ffbee646000 	C:\WINDOWS\SYSTEM32\dhcpcsvc6.DLL
0x00007ffbef250000 - 0x00007ffbef26c000 	C:\WINDOWS\SYSTEM32\dhcpcsvc.DLL
0x00007ffbf3f30000 - 0x00007ffbf3ffa000 	C:\WINDOWS\SYSTEM32\DNSAPI.dll

VM Arguments:
jvm_args: -Xmx1536m -Dfile.encoding=windows-1252 -Duser.country=IN -Duser.language=en -Duser.variant 
java_command: org.gradle.launcher.daemon.bootstrap.GradleDaemon 5.4.1
java_class_path (initial): C:\Users\kommi\.gradle\wrapper\dists\gradle-5.4.1-all\3221gyojl5jsh0helicew7rwx\gradle-5.4.1\lib\gradle-launcher-5.4.1.jar
Launcher Type: SUN_STANDARD

Environment Variables:
PATH=C:\Program Files (x86)\Intel\iCLS Client\;C:\Program Files\Intel\iCLS Client\;C:\windows\system32;C:\windows;C:\windows\System32\Wbem;C:\windows\System32\WindowsPowerShell\v1.0\;C:\Program Files (x86)\Intel\Intel(R) Management Engine Components\DAL;C:\Program Files\Intel\Intel(R) Management Engine Components\DAL;C:\Program Files (x86)\Intel\Intel(R) Management Engine Components\IPT;C:\Program Files\Intel\Intel(R) Management Engine Components\IPT;C:\Program Files (x86)\NVIDIA Corporation\PhysX\Common;C:\WINDOWS\system32;C:\WINDOWS;C:\WINDOWS\System32\Wbem;C:\WINDOWS\System32\WindowsPowerShell\v1.0\;C:\WINDOWS\System32\OpenSSH\;C:\Program Files\NVIDIA Corporation\NVIDIA NvDLISR;C:\Program Files\Java\jdk-13.0.1\bin;C:\Program Files\nodejs\;C:\Program Files\Git\cmd;C:\Users\kommi\AppData\Local\Programs\Python\Python38-32\Scripts\;C:\Users\kommi\AppData\Local\Programs\Python\Python38-32\;C:\Users\kommi\AppData\Local\Microsoft\WindowsApps;;C:\Users\kommi\AppData\Local\Programs\Microsoft VS Code\bin;C:\Users\kommi\AppData\Roaming\npm
USERNAME=kommi
OS=Windows_NT
PROCESSOR_IDENTIFIER=Intel64 Family 6 Model 158 Stepping 9, GenuineIntel



---------------  S Y S T E M  ---------------

OS: Windows 10.0 , 64 bit Build 18362 (10.0.18362.329)

CPU:total 4 (initial active 4) (4 cores per cpu, 1 threads per core) family 6 model 158 stepping 9, cmov, cx8, fxsr, mmx, sse, sse2, sse3, ssse3, sse4.1, sse4.2, popcnt, avx, avx2, aes, clmul, erms, 3dnowpref, lzcnt, tsc, tscinvbit, bmi1, bmi2, adx

Memory: 4k page, physical 8271076k(1318372k free), swap 12201188k(7388k free)

vm_info: OpenJDK 64-Bit Server VM (25.202-b03) for windows-amd64 JRE (1.8.0_202-release-1483-b03), built by "builder" with MS VC++ 10.0 (VS2010)

time: Thu Mar 12 22:29:08 2020
timezone: India Standard Time
elapsed time: 2 seconds (0d 0h 0m 2s)

